{"D:\\projects\\TrackingApp\\sum.js": {"path":"D:\\projects\\TrackingApp\\sum.js","statementMap":{"0":{"start":{"line":2,"column":2},"end":{"line":2,"column":15}},"1":{"start":{"line":4,"column":0},"end":{"line":4,"column":21}}},"fnMap":{"0":{"name":"sum","decl":{"start":{"line":1,"column":9},"end":{"line":1,"column":12}},"loc":{"start":{"line":1,"column":19},"end":{"line":3,"column":1}},"line":1}},"branchMap":{},"s":{"0":1,"1":1},"f":{"0":1},"b":{},"_coverageSchema":"1a1c01bbd47fc00a2c39e90264f33305004495a9","hash":"f0e0747e96e44e9c96918ad7c78afb3225d49622"}
,"D:\\projects\\TrackingApp\\src\\Assets\\Images\\emptyHistory.png": {"path":"D:\\projects\\TrackingApp\\src\\Assets\\Images\\emptyHistory.png","statementMap":{"0":{"start":{"line":1,"column":0},"end":{"line":4,"column":6}}},"fnMap":{},"branchMap":{},"s":{"0":2},"f":{},"b":{},"inputSourceMap":null,"_coverageSchema":"1a1c01bbd47fc00a2c39e90264f33305004495a9","hash":"5da6c3dbde1d8fdc1696bcffe1f4f8951596547d"}
,"D:\\projects\\TrackingApp\\src\\Assets\\Images\\marker.png": {"path":"D:\\projects\\TrackingApp\\src\\Assets\\Images\\marker.png","statementMap":{"0":{"start":{"line":1,"column":0},"end":{"line":4,"column":6}}},"fnMap":{},"branchMap":{},"s":{"0":2},"f":{},"b":{},"inputSourceMap":null,"_coverageSchema":"1a1c01bbd47fc00a2c39e90264f33305004495a9","hash":"480e33034234e7db2520f084ad71de47f2040361"}
,"D:\\projects\\TrackingApp\\src\\Assets\\Images\\testImage.png": {"path":"D:\\projects\\TrackingApp\\src\\Assets\\Images\\testImage.png","statementMap":{"0":{"start":{"line":1,"column":0},"end":{"line":4,"column":6}}},"fnMap":{},"branchMap":{},"s":{"0":2},"f":{},"b":{},"inputSourceMap":null,"_coverageSchema":"1a1c01bbd47fc00a2c39e90264f33305004495a9","hash":"6428eefbd3e36a7e17ead2b18bb705ade2e843f2"}
,"D:\\projects\\TrackingApp\\src\\Components\\index.js": {"path":"D:\\projects\\TrackingApp\\src\\Components\\index.js","statementMap":{},"fnMap":{},"branchMap":{},"s":{},"f":{},"b":{},"_coverageSchema":"1a1c01bbd47fc00a2c39e90264f33305004495a9","hash":"3e3f192aff631ed4e5e206bd9fe74a1856f836e6"}
,"D:\\projects\\TrackingApp\\src\\Components\\EmptyContainer\\EmptyContainer.js": {"path":"D:\\projects\\TrackingApp\\src\\Components\\EmptyContainer\\EmptyContainer.js","statementMap":{"0":{"start":{"line":7,"column":2},"end":{"line":12,"column":4}}},"fnMap":{"0":{"name":"EmptyContainer","decl":{"start":{"line":6,"column":16},"end":{"line":6,"column":30}},"loc":{"start":{"line":6,"column":56},"end":{"line":13,"column":1}},"line":6}},"branchMap":{},"s":{"0":0},"f":{"0":0},"b":{},"_coverageSchema":"1a1c01bbd47fc00a2c39e90264f33305004495a9","hash":"76253f71ee5c09f86392f1b7d935675cdcd84802"}
,"D:\\projects\\TrackingApp\\src\\Components\\EmptyContainer\\styles.js": {"path":"D:\\projects\\TrackingApp\\src\\Components\\EmptyContainer\\styles.js","statementMap":{},"fnMap":{},"branchMap":{},"s":{},"f":{},"b":{},"_coverageSchema":"1a1c01bbd47fc00a2c39e90264f33305004495a9","hash":"28b3dbb6f3b9d1313eb2fda130242ec6fafbd370"}
,"D:\\projects\\TrackingApp\\src\\Components\\IMIcon\\IMIcon.js": {"path":"D:\\projects\\TrackingApp\\src\\Components\\IMIcon\\IMIcon.js","statementMap":{"0":{"start":{"line":14,"column":25},"end":{"line":26,"column":1}},"1":{"start":{"line":30,"column":2},"end":{"line":75,"column":3}},"2":{"start":{"line":32,"column":6},"end":{"line":32,"column":26}},"3":{"start":{"line":33,"column":6},"end":{"line":33,"column":12}},"4":{"start":{"line":36,"column":6},"end":{"line":36,"column":23}},"5":{"start":{"line":37,"column":6},"end":{"line":37,"column":12}},"6":{"start":{"line":40,"column":6},"end":{"line":40,"column":30}},"7":{"start":{"line":41,"column":6},"end":{"line":41,"column":12}},"8":{"start":{"line":44,"column":6},"end":{"line":44,"column":29}},"9":{"start":{"line":45,"column":6},"end":{"line":45,"column":12}},"10":{"start":{"line":48,"column":6},"end":{"line":48,"column":24}},"11":{"start":{"line":49,"column":6},"end":{"line":49,"column":12}},"12":{"start":{"line":52,"column":6},"end":{"line":52,"column":26}},"13":{"start":{"line":53,"column":6},"end":{"line":53,"column":12}},"14":{"start":{"line":56,"column":6},"end":{"line":56,"column":28}},"15":{"start":{"line":57,"column":6},"end":{"line":57,"column":12}},"16":{"start":{"line":60,"column":6},"end":{"line":60,"column":25}},"17":{"start":{"line":61,"column":6},"end":{"line":61,"column":12}},"18":{"start":{"line":63,"column":6},"end":{"line":63,"column":39}},"19":{"start":{"line":64,"column":6},"end":{"line":64,"column":12}},"20":{"start":{"line":66,"column":6},"end":{"line":66,"column":32}},"21":{"start":{"line":67,"column":6},"end":{"line":67,"column":12}},"22":{"start":{"line":69,"column":6},"end":{"line":69,"column":25}},"23":{"start":{"line":70,"column":6},"end":{"line":70,"column":12}},"24":{"start":{"line":73,"column":6},"end":{"line":73,"column":28}},"25":{"start":{"line":74,"column":6},"end":{"line":74,"column":12}},"26":{"start":{"line":77,"column":2},"end":{"line":77,"column":73}}},"fnMap":{"0":{"name":"IMIcon","decl":{"start":{"line":28,"column":16},"end":{"line":28,"column":22}},"loc":{"start":{"line":28,"column":61},"end":{"line":78,"column":1}},"line":28}},"branchMap":{"0":{"loc":{"start":{"line":30,"column":2},"end":{"line":75,"column":3}},"type":"switch","locations":[{"start":{"line":31,"column":4},"end":{"line":33,"column":12}},{"start":{"line":35,"column":4},"end":{"line":37,"column":12}},{"start":{"line":39,"column":4},"end":{"line":41,"column":12}},{"start":{"line":43,"column":4},"end":{"line":45,"column":12}},{"start":{"line":47,"column":4},"end":{"line":49,"column":12}},{"start":{"line":51,"column":4},"end":{"line":53,"column":12}},{"start":{"line":55,"column":4},"end":{"line":57,"column":12}},{"start":{"line":59,"column":4},"end":{"line":61,"column":12}},{"start":{"line":62,"column":4},"end":{"line":64,"column":12}},{"start":{"line":65,"column":4},"end":{"line":67,"column":12}},{"start":{"line":68,"column":4},"end":{"line":70,"column":12}},{"start":{"line":72,"column":4},"end":{"line":74,"column":12}}],"line":30}},"s":{"0":2,"1":1,"2":0,"3":0,"4":0,"5":0,"6":0,"7":0,"8":0,"9":0,"10":0,"11":0,"12":0,"13":0,"14":1,"15":1,"16":0,"17":0,"18":0,"19":0,"20":0,"21":0,"22":0,"23":0,"24":0,"25":0,"26":1},"f":{"0":1},"b":{"0":[0,0,0,0,0,0,1,0,0,0,0,0]},"_coverageSchema":"1a1c01bbd47fc00a2c39e90264f33305004495a9","hash":"ee7e2b61856a97f4fc19d33a5b883366ef90104d"}
,"D:\\projects\\TrackingApp\\src\\Components\\MainHeader\\MainHeader.js": {"path":"D:\\projects\\TrackingApp\\src\\Components\\MainHeader\\MainHeader.js","statementMap":{"0":{"start":{"line":16,"column":2},"end":{"line":34,"column":4}}},"fnMap":{"0":{"name":"MainHeader","decl":{"start":{"line":5,"column":16},"end":{"line":5,"column":26}},"loc":{"start":{"line":15,"column":3},"end":{"line":35,"column":1}},"line":15}},"branchMap":{"0":{"loc":{"start":{"line":22,"column":9},"end":{"line":22,"column":31}},"type":"binary-expr","locations":[{"start":{"line":22,"column":9},"end":{"line":22,"column":17}},{"start":{"line":22,"column":21},"end":{"line":22,"column":31}}],"line":22},"1":{"loc":{"start":{"line":31,"column":9},"end":{"line":31,"column":33}},"type":"binary-expr","locations":[{"start":{"line":31,"column":9},"end":{"line":31,"column":18}},{"start":{"line":31,"column":22},"end":{"line":31,"column":33}}],"line":31}},"s":{"0":1},"f":{"0":1},"b":{"0":[1,0],"1":[1,0]},"_coverageSchema":"1a1c01bbd47fc00a2c39e90264f33305004495a9","hash":"9ef31d8ae04e3e7c66572ce2cbab7be5d8dfbaed"}
,"D:\\projects\\TrackingApp\\src\\Components\\MainHeader\\styles.js": {"path":"D:\\projects\\TrackingApp\\src\\Components\\MainHeader\\styles.js","statementMap":{},"fnMap":{},"branchMap":{},"s":{},"f":{},"b":{},"_coverageSchema":"1a1c01bbd47fc00a2c39e90264f33305004495a9","hash":"bfa8a7f474d8bfd4dd568bb746c0f55e4387e7a3"}
,"D:\\projects\\TrackingApp\\src\\Components\\RoundButton\\RoundButton.js": {"path":"D:\\projects\\TrackingApp\\src\\Components\\RoundButton\\RoundButton.js","statementMap":{"0":{"start":{"line":7,"column":16},"end":{"line":7,"column":23}},"1":{"start":{"line":8,"column":16},"end":{"line":8,"column":23}},"2":{"start":{"line":9,"column":15},"end":{"line":9,"column":21}},"3":{"start":{"line":10,"column":28},"end":{"line":14,"column":3}},"4":{"start":{"line":11,"column":4},"end":{"line":11,"column":38}},"5":{"start":{"line":11,"column":24},"end":{"line":11,"column":38}},"6":{"start":{"line":12,"column":4},"end":{"line":12,"column":39}},"7":{"start":{"line":12,"column":24},"end":{"line":12,"column":39}},"8":{"start":{"line":13,"column":4},"end":{"line":13,"column":37}},"9":{"start":{"line":13,"column":23},"end":{"line":13,"column":37}},"10":{"start":{"line":15,"column":2},"end":{"line":24,"column":4}}},"fnMap":{"0":{"name":"RoundButton","decl":{"start":{"line":6,"column":16},"end":{"line":6,"column":27}},"loc":{"start":{"line":6,"column":57},"end":{"line":25,"column":1}},"line":6},"1":{"name":"(anonymous_1)","decl":{"start":{"line":10,"column":28},"end":{"line":10,"column":29}},"loc":{"start":{"line":10,"column":34},"end":{"line":14,"column":3}},"line":10}},"branchMap":{"0":{"loc":{"start":{"line":11,"column":4},"end":{"line":11,"column":38}},"type":"if","locations":[{"start":{"line":11,"column":4},"end":{"line":11,"column":38}},{"start":{},"end":{}}],"line":11},"1":{"loc":{"start":{"line":12,"column":4},"end":{"line":12,"column":39}},"type":"if","locations":[{"start":{"line":12,"column":4},"end":{"line":12,"column":39}},{"start":{},"end":{}}],"line":12},"2":{"loc":{"start":{"line":13,"column":4},"end":{"line":13,"column":37}},"type":"if","locations":[{"start":{"line":13,"column":4},"end":{"line":13,"column":37}},{"start":{},"end":{}}],"line":13}},"s":{"0":1,"1":1,"2":1,"3":1,"4":1,"5":1,"6":0,"7":0,"8":0,"9":0,"10":1},"f":{"0":1,"1":1},"b":{"0":[1,0],"1":[0,0],"2":[0,0]},"_coverageSchema":"1a1c01bbd47fc00a2c39e90264f33305004495a9","hash":"8e13a2f01e562d2289e5e2bf14650e7db2f235fe"}
,"D:\\projects\\TrackingApp\\src\\Components\\RoundButton\\styles.js": {"path":"D:\\projects\\TrackingApp\\src\\Components\\RoundButton\\styles.js","statementMap":{},"fnMap":{},"branchMap":{},"s":{},"f":{},"b":{},"_coverageSchema":"1a1c01bbd47fc00a2c39e90264f33305004495a9","hash":"164ba112a2f710930f5ce6068b474c1e406b4b68"}
,"D:\\projects\\TrackingApp\\src\\Components\\SafeAreaLayout\\SafeAreaLayout.js": {"path":"D:\\projects\\TrackingApp\\src\\Components\\SafeAreaLayout\\SafeAreaLayout.js","statementMap":{"0":{"start":{"line":8,"column":42},"end":{"line":13,"column":3}},"1":{"start":{"line":9,"column":4},"end":{"line":11,"column":5}},"2":{"start":{"line":10,"column":6},"end":{"line":10,"column":23}},"3":{"start":{"line":12,"column":4},"end":{"line":12,"column":21}},"4":{"start":{"line":14,"column":2},"end":{"line":46,"column":4}},"5":{"start":{"line":19,"column":8},"end":{"line":19,"column":27}},"6":{"start":{"line":20,"column":8},"end":{"line":20,"column":21}}},"fnMap":{"0":{"name":"SafeAreaLayout","decl":{"start":{"line":7,"column":16},"end":{"line":7,"column":30}},"loc":{"start":{"line":7,"column":91},"end":{"line":47,"column":1}},"line":7},"1":{"name":"(anonymous_1)","decl":{"start":{"line":8,"column":42},"end":{"line":8,"column":43}},"loc":{"start":{"line":8,"column":48},"end":{"line":13,"column":3}},"line":8},"2":{"name":"(anonymous_2)","decl":{"start":{"line":18,"column":33},"end":{"line":18,"column":34}},"loc":{"start":{"line":18,"column":39},"end":{"line":21,"column":7}},"line":18}},"branchMap":{"0":{"loc":{"start":{"line":9,"column":4},"end":{"line":11,"column":5}},"type":"if","locations":[{"start":{"line":9,"column":4},"end":{"line":11,"column":5}},{"start":{},"end":{}}],"line":9},"1":{"loc":{"start":{"line":24,"column":16},"end":{"line":24,"column":50}},"type":"cond-expr","locations":[{"start":{"line":24,"column":27},"end":{"line":24,"column":43}},{"start":{"line":24,"column":46},"end":{"line":24,"column":50}}],"line":24},"2":{"loc":{"start":{"line":28,"column":29},"end":{"line":28,"column":89}},"type":"cond-expr","locations":[{"start":{"line":28,"column":40},"end":{"line":28,"column":66}},{"start":{"line":28,"column":69},"end":{"line":28,"column":89}}],"line":28},"3":{"loc":{"start":{"line":33,"column":12},"end":{"line":35,"column":44}},"type":"cond-expr","locations":[{"start":{"line":34,"column":16},"end":{"line":34,"column":93}},{"start":{"line":35,"column":16},"end":{"line":35,"column":44}}],"line":33},"4":{"loc":{"start":{"line":39,"column":9},"end":{"line":43,"column":9}},"type":"binary-expr","locations":[{"start":{"line":39,"column":9},"end":{"line":39,"column":15}},{"start":{"line":40,"column":10},"end":{"line":42,"column":17}}],"line":39}},"s":{"0":0,"1":0,"2":0,"3":0,"4":0,"5":0,"6":0},"f":{"0":0,"1":0,"2":0},"b":{"0":[0,0],"1":[0,0],"2":[0,0],"3":[0,0],"4":[0,0]},"_coverageSchema":"1a1c01bbd47fc00a2c39e90264f33305004495a9","hash":"9124ed453ffdca8064417a16123afbf8011dd789"}
,"D:\\projects\\TrackingApp\\src\\Components\\SafeAreaLayout\\styles.js": {"path":"D:\\projects\\TrackingApp\\src\\Components\\SafeAreaLayout\\styles.js","statementMap":{},"fnMap":{},"branchMap":{},"s":{},"f":{},"b":{},"_coverageSchema":"1a1c01bbd47fc00a2c39e90264f33305004495a9","hash":"1db585e1bdc55ea895288ec28af4695526bc1d04"}
,"D:\\projects\\TrackingApp\\src\\Components\\StartRunningCard\\StartRunningCard.js": {"path":"D:\\projects\\TrackingApp\\src\\Components\\StartRunningCard\\StartRunningCard.js","statementMap":{"0":{"start":{"line":7,"column":2},"end":{"line":12,"column":4}}},"fnMap":{"0":{"name":"StartRunningCard","decl":{"start":{"line":6,"column":16},"end":{"line":6,"column":32}},"loc":{"start":{"line":6,"column":51},"end":{"line":13,"column":1}},"line":6}},"branchMap":{},"s":{"0":1},"f":{"0":1},"b":{},"_coverageSchema":"1a1c01bbd47fc00a2c39e90264f33305004495a9","hash":"11c5094daafea1e347b1a1f09695c6c00149e3da"}
,"D:\\projects\\TrackingApp\\src\\Components\\StartRunningCard\\styles.js": {"path":"D:\\projects\\TrackingApp\\src\\Components\\StartRunningCard\\styles.js","statementMap":{},"fnMap":{},"branchMap":{},"s":{},"f":{},"b":{},"_coverageSchema":"1a1c01bbd47fc00a2c39e90264f33305004495a9","hash":"16f15c7f3e190a4eadf2186e67ca97617a9b3e5f"}
,"D:\\projects\\TrackingApp\\src\\Components\\TripCard\\TripCard.js": {"path":"D:\\projects\\TrackingApp\\src\\Components\\TripCard\\TripCard.js","statementMap":{"0":{"start":{"line":18,"column":26},"end":{"line":23,"column":3}},"1":{"start":{"line":19,"column":4},"end":{"line":19,"column":47}},"2":{"start":{"line":19,"column":29},"end":{"line":19,"column":47}},"3":{"start":{"line":20,"column":4},"end":{"line":20,"column":45}},"4":{"start":{"line":20,"column":28},"end":{"line":20,"column":45}},"5":{"start":{"line":21,"column":4},"end":{"line":21,"column":62}},"6":{"start":{"line":21,"column":31},"end":{"line":21,"column":62}},"7":{"start":{"line":22,"column":4},"end":{"line":22,"column":45}},"8":{"start":{"line":22,"column":28},"end":{"line":22,"column":45}},"9":{"start":{"line":25,"column":28},"end":{"line":30,"column":3}},"10":{"start":{"line":26,"column":4},"end":{"line":26,"column":49}},"11":{"start":{"line":26,"column":29},"end":{"line":26,"column":49}},"12":{"start":{"line":27,"column":4},"end":{"line":27,"column":42}},"13":{"start":{"line":27,"column":28},"end":{"line":27,"column":42}},"14":{"start":{"line":28,"column":4},"end":{"line":28,"column":49}},"15":{"start":{"line":28,"column":31},"end":{"line":28,"column":49}},"16":{"start":{"line":29,"column":4},"end":{"line":29,"column":41}},"17":{"start":{"line":29,"column":28},"end":{"line":29,"column":41}},"18":{"start":{"line":31,"column":2},"end":{"line":78,"column":4}}},"fnMap":{"0":{"name":"TripCard","decl":{"start":{"line":8,"column":16},"end":{"line":8,"column":24}},"loc":{"start":{"line":17,"column":3},"end":{"line":79,"column":1}},"line":17},"1":{"name":"(anonymous_1)","decl":{"start":{"line":18,"column":26},"end":{"line":18,"column":27}},"loc":{"start":{"line":18,"column":32},"end":{"line":23,"column":3}},"line":18},"2":{"name":"(anonymous_2)","decl":{"start":{"line":25,"column":28},"end":{"line":25,"column":29}},"loc":{"start":{"line":25,"column":34},"end":{"line":30,"column":3}},"line":25}},"branchMap":{"0":{"loc":{"start":{"line":19,"column":4},"end":{"line":19,"column":47}},"type":"if","locations":[{"start":{"line":19,"column":4},"end":{"line":19,"column":47}},{"start":{},"end":{}}],"line":19},"1":{"loc":{"start":{"line":20,"column":4},"end":{"line":20,"column":45}},"type":"if","locations":[{"start":{"line":20,"column":4},"end":{"line":20,"column":45}},{"start":{},"end":{}}],"line":20},"2":{"loc":{"start":{"line":21,"column":4},"end":{"line":21,"column":62}},"type":"if","locations":[{"start":{"line":21,"column":4},"end":{"line":21,"column":62}},{"start":{},"end":{}}],"line":21},"3":{"loc":{"start":{"line":22,"column":4},"end":{"line":22,"column":45}},"type":"if","locations":[{"start":{"line":22,"column":4},"end":{"line":22,"column":45}},{"start":{},"end":{}}],"line":22},"4":{"loc":{"start":{"line":26,"column":4},"end":{"line":26,"column":49}},"type":"if","locations":[{"start":{"line":26,"column":4},"end":{"line":26,"column":49}},{"start":{},"end":{}}],"line":26},"5":{"loc":{"start":{"line":27,"column":4},"end":{"line":27,"column":42}},"type":"if","locations":[{"start":{"line":27,"column":4},"end":{"line":27,"column":42}},{"start":{},"end":{}}],"line":27},"6":{"loc":{"start":{"line":28,"column":4},"end":{"line":28,"column":49}},"type":"if","locations":[{"start":{"line":28,"column":4},"end":{"line":28,"column":49}},{"start":{},"end":{}}],"line":28},"7":{"loc":{"start":{"line":29,"column":4},"end":{"line":29,"column":41}},"type":"if","locations":[{"start":{"line":29,"column":4},"end":{"line":29,"column":41}},{"start":{},"end":{}}],"line":29},"8":{"loc":{"start":{"line":50,"column":9},"end":{"line":54,"column":9}},"type":"binary-expr","locations":[{"start":{"line":50,"column":9},"end":{"line":50,"column":22}},{"start":{"line":51,"column":10},"end":{"line":53,"column":29}}],"line":50}},"s":{"0":0,"1":0,"2":0,"3":0,"4":0,"5":0,"6":0,"7":0,"8":0,"9":0,"10":0,"11":0,"12":0,"13":0,"14":0,"15":0,"16":0,"17":0,"18":0},"f":{"0":0,"1":0,"2":0},"b":{"0":[0,0],"1":[0,0],"2":[0,0],"3":[0,0],"4":[0,0],"5":[0,0],"6":[0,0],"7":[0,0],"8":[0,0]},"_coverageSchema":"1a1c01bbd47fc00a2c39e90264f33305004495a9","hash":"3e24098b359a668aefe979226ee222bda4d53d23"}
,"D:\\projects\\TrackingApp\\src\\Components\\TripCard\\styles.js": {"path":"D:\\projects\\TrackingApp\\src\\Components\\TripCard\\styles.js","statementMap":{},"fnMap":{},"branchMap":{},"s":{},"f":{},"b":{},"_coverageSchema":"1a1c01bbd47fc00a2c39e90264f33305004495a9","hash":"598069890b447482217cd7998b337a5eacafac74"}
,"D:\\projects\\TrackingApp\\src\\Components\\TripDetailsModal\\TripDetailsModal.js": {"path":"D:\\projects\\TrackingApp\\src\\Components\\TripDetailsModal\\TripDetailsModal.js","statementMap":{"0":{"start":{"line":15,"column":28},"end":{"line":15,"column":43}},"1":{"start":{"line":16,"column":36},"end":{"line":16,"column":56}},"2":{"start":{"line":17,"column":40},"end":{"line":17,"column":60}},"3":{"start":{"line":18,"column":34},"end":{"line":18,"column":46}},"4":{"start":{"line":19,"column":54},"end":{"line":19,"column":65}},"5":{"start":{"line":20,"column":42},"end":{"line":20,"column":53}},"6":{"start":{"line":21,"column":19},"end":{"line":21,"column":32}},"7":{"start":{"line":22,"column":2},"end":{"line":26,"column":21}},"8":{"start":{"line":23,"column":4},"end":{"line":25,"column":5}},"9":{"start":{"line":24,"column":6},"end":{"line":24,"column":20}},"10":{"start":{"line":27,"column":2},"end":{"line":33,"column":27}},"11":{"start":{"line":28,"column":4},"end":{"line":32,"column":5}},"12":{"start":{"line":29,"column":6},"end":{"line":31,"column":15}},"13":{"start":{"line":30,"column":8},"end":{"line":30,"column":35}},"14":{"start":{"line":34,"column":2},"end":{"line":42,"column":14}},"15":{"start":{"line":35,"column":4},"end":{"line":41,"column":5}},"16":{"start":{"line":36,"column":6},"end":{"line":40,"column":9}},"17":{"start":{"line":43,"column":2},"end":{"line":47,"column":16}},"18":{"start":{"line":44,"column":4},"end":{"line":46,"column":5}},"19":{"start":{"line":45,"column":6},"end":{"line":45,"column":20}},"20":{"start":{"line":48,"column":22},"end":{"line":68,"column":3}},"21":{"start":{"line":49,"column":23},"end":{"line":49,"column":31}},"22":{"start":{"line":50,"column":29},"end":{"line":50,"column":49}},"23":{"start":{"line":51,"column":4},"end":{"line":62,"column":5}},"24":{"start":{"line":52,"column":6},"end":{"line":61,"column":8}},"25":{"start":{"line":54,"column":10},"end":{"line":60,"column":11}},"26":{"start":{"line":63,"column":4},"end":{"line":67,"column":7}},"27":{"start":{"line":69,"column":22},"end":{"line":81,"column":3}},"28":{"start":{"line":70,"column":4},"end":{"line":70,"column":29}},"29":{"start":{"line":71,"column":4},"end":{"line":77,"column":7}},"30":{"start":{"line":78,"column":4},"end":{"line":78,"column":29}},"31":{"start":{"line":79,"column":4},"end":{"line":79,"column":31}},"32":{"start":{"line":80,"column":4},"end":{"line":80,"column":23}},"33":{"start":{"line":82,"column":23},"end":{"line":84,"column":3}},"34":{"start":{"line":83,"column":4},"end":{"line":83,"column":19}},"35":{"start":{"line":85,"column":22},"end":{"line":89,"column":3}},"36":{"start":{"line":86,"column":4},"end":{"line":86,"column":20}},"37":{"start":{"line":87,"column":4},"end":{"line":87,"column":96}},"38":{"start":{"line":87,"column":27},"end":{"line":87,"column":94}},"39":{"start":{"line":88,"column":4},"end":{"line":88,"column":31}},"40":{"start":{"line":90,"column":22},"end":{"line":104,"column":3}},"41":{"start":{"line":91,"column":4},"end":{"line":99,"column":6}},"42":{"start":{"line":100,"column":4},"end":{"line":100,"column":27}},"43":{"start":{"line":101,"column":4},"end":{"line":101,"column":20}},"44":{"start":{"line":102,"column":4},"end":{"line":102,"column":20}},"45":{"start":{"line":103,"column":4},"end":{"line":103,"column":30}},"46":{"start":{"line":105,"column":2},"end":{"line":153,"column":4}},"47":{"start":{"line":111,"column":8},"end":{"line":111,"column":46}}},"fnMap":{"0":{"name":"TripDetailsModal","decl":{"start":{"line":14,"column":16},"end":{"line":14,"column":32}},"loc":{"start":{"line":14,"column":87},"end":{"line":154,"column":1}},"line":14},"1":{"name":"(anonymous_1)","decl":{"start":{"line":22,"column":12},"end":{"line":22,"column":13}},"loc":{"start":{"line":22,"column":18},"end":{"line":26,"column":3}},"line":22},"2":{"name":"(anonymous_2)","decl":{"start":{"line":27,"column":12},"end":{"line":27,"column":13}},"loc":{"start":{"line":27,"column":18},"end":{"line":33,"column":3}},"line":27},"3":{"name":"(anonymous_3)","decl":{"start":{"line":29,"column":17},"end":{"line":29,"column":18}},"loc":{"start":{"line":29,"column":23},"end":{"line":31,"column":7}},"line":29},"4":{"name":"(anonymous_4)","decl":{"start":{"line":34,"column":12},"end":{"line":34,"column":13}},"loc":{"start":{"line":34,"column":18},"end":{"line":42,"column":3}},"line":34},"5":{"name":"(anonymous_5)","decl":{"start":{"line":43,"column":12},"end":{"line":43,"column":13}},"loc":{"start":{"line":43,"column":18},"end":{"line":47,"column":3}},"line":43},"6":{"name":"(anonymous_6)","decl":{"start":{"line":48,"column":22},"end":{"line":48,"column":23}},"loc":{"start":{"line":48,"column":28},"end":{"line":68,"column":3}},"line":48},"7":{"name":"(anonymous_7)","decl":{"start":{"line":53,"column":8},"end":{"line":53,"column":9}},"loc":{"start":{"line":54,"column":10},"end":{"line":60,"column":11}},"line":54},"8":{"name":"(anonymous_8)","decl":{"start":{"line":69,"column":22},"end":{"line":69,"column":23}},"loc":{"start":{"line":69,"column":28},"end":{"line":81,"column":3}},"line":69},"9":{"name":"(anonymous_9)","decl":{"start":{"line":82,"column":23},"end":{"line":82,"column":24}},"loc":{"start":{"line":82,"column":29},"end":{"line":84,"column":3}},"line":82},"10":{"name":"(anonymous_10)","decl":{"start":{"line":85,"column":22},"end":{"line":85,"column":23}},"loc":{"start":{"line":85,"column":28},"end":{"line":89,"column":3}},"line":85},"11":{"name":"(anonymous_11)","decl":{"start":{"line":87,"column":20},"end":{"line":87,"column":21}},"loc":{"start":{"line":87,"column":27},"end":{"line":87,"column":94}},"line":87},"12":{"name":"(anonymous_12)","decl":{"start":{"line":90,"column":22},"end":{"line":90,"column":23}},"loc":{"start":{"line":90,"column":28},"end":{"line":104,"column":3}},"line":90},"13":{"name":"(anonymous_13)","decl":{"start":{"line":110,"column":22},"end":{"line":110,"column":23}},"loc":{"start":{"line":110,"column":28},"end":{"line":113,"column":7}},"line":110}},"branchMap":{"0":{"loc":{"start":{"line":23,"column":4},"end":{"line":25,"column":5}},"type":"if","locations":[{"start":{"line":23,"column":4},"end":{"line":25,"column":5}},{"start":{},"end":{}}],"line":23},"1":{"loc":{"start":{"line":28,"column":4},"end":{"line":32,"column":5}},"type":"if","locations":[{"start":{"line":28,"column":4},"end":{"line":32,"column":5}},{"start":{},"end":{}}],"line":28},"2":{"loc":{"start":{"line":28,"column":8},"end":{"line":28,"column":30}},"type":"binary-expr","locations":[{"start":{"line":28,"column":8},"end":{"line":28,"column":20}},{"start":{"line":28,"column":24},"end":{"line":28,"column":30}}],"line":28},"3":{"loc":{"start":{"line":35,"column":4},"end":{"line":41,"column":5}},"type":"if","locations":[{"start":{"line":35,"column":4},"end":{"line":41,"column":5}},{"start":{},"end":{}}],"line":35},"4":{"loc":{"start":{"line":44,"column":4},"end":{"line":46,"column":5}},"type":"if","locations":[{"start":{"line":44,"column":4},"end":{"line":46,"column":5}},{"start":{},"end":{}}],"line":44},"5":{"loc":{"start":{"line":44,"column":8},"end":{"line":44,"column":30}},"type":"binary-expr","locations":[{"start":{"line":44,"column":8},"end":{"line":44,"column":20}},{"start":{"line":44,"column":24},"end":{"line":44,"column":30}}],"line":44},"6":{"loc":{"start":{"line":51,"column":4},"end":{"line":62,"column":5}},"type":"if","locations":[{"start":{"line":51,"column":4},"end":{"line":62,"column":5}},{"start":{},"end":{}}],"line":51},"7":{"loc":{"start":{"line":142,"column":11},"end":{"line":149,"column":11}},"type":"cond-expr","locations":[{"start":{"line":143,"column":12},"end":{"line":146,"column":15}},{"start":{"line":148,"column":12},"end":{"line":148,"column":80}}],"line":142}},"s":{"0":0,"1":0,"2":0,"3":0,"4":0,"5":0,"6":0,"7":0,"8":0,"9":0,"10":0,"11":0,"12":0,"13":0,"14":0,"15":0,"16":0,"17":0,"18":0,"19":0,"20":0,"21":0,"22":0,"23":0,"24":0,"25":0,"26":0,"27":0,"28":0,"29":0,"30":0,"31":0,"32":0,"33":0,"34":0,"35":0,"36":0,"37":0,"38":0,"39":0,"40":0,"41":0,"42":0,"43":0,"44":0,"45":0,"46":0,"47":0},"f":{"0":0,"1":0,"2":0,"3":0,"4":0,"5":0,"6":0,"7":0,"8":0,"9":0,"10":0,"11":0,"12":0,"13":0},"b":{"0":[0,0],"1":[0,0],"2":[0,0],"3":[0,0],"4":[0,0],"5":[0,0],"6":[0,0],"7":[0,0]},"_coverageSchema":"1a1c01bbd47fc00a2c39e90264f33305004495a9","hash":"1cb219a7855a3a4fb066f3b9ba317f901a3dfc89"}
,"D:\\projects\\TrackingApp\\src\\Components\\TripDetailsModal\\styles.js": {"path":"D:\\projects\\TrackingApp\\src\\Components\\TripDetailsModal\\styles.js","statementMap":{},"fnMap":{},"branchMap":{},"s":{},"f":{},"b":{},"_coverageSchema":"1a1c01bbd47fc00a2c39e90264f33305004495a9","hash":"65ce8a493db2a59443fd84627981cd057bcb19bf"}
,"D:\\projects\\TrackingApp\\src\\Helper\\CheckRunningFeels.js": {"path":"D:\\projects\\TrackingApp\\src\\Helper\\CheckRunningFeels.js","statementMap":{"0":{"start":{"line":12,"column":33},"end":{"line":18,"column":1}},"1":{"start":{"line":13,"column":16},"end":{"line":13,"column":52}},"2":{"start":{"line":14,"column":2},"end":{"line":14,"column":52}},"3":{"start":{"line":14,"column":34},"end":{"line":14,"column":52}},"4":{"start":{"line":15,"column":2},"end":{"line":15,"column":78}},"5":{"start":{"line":15,"column":63},"end":{"line":15,"column":78}},"6":{"start":{"line":16,"column":2},"end":{"line":16,"column":78}},"7":{"start":{"line":16,"column":63},"end":{"line":16,"column":78}},"8":{"start":{"line":17,"column":2},"end":{"line":17,"column":49}},"9":{"start":{"line":17,"column":33},"end":{"line":17,"column":49}}},"fnMap":{"0":{"name":"(anonymous_0)","decl":{"start":{"line":12,"column":33},"end":{"line":12,"column":34}},"loc":{"start":{"line":12,"column":74},"end":{"line":18,"column":1}},"line":12}},"branchMap":{"0":{"loc":{"start":{"line":14,"column":2},"end":{"line":14,"column":52}},"type":"if","locations":[{"start":{"line":14,"column":2},"end":{"line":14,"column":52}},{"start":{},"end":{}}],"line":14},"1":{"loc":{"start":{"line":15,"column":2},"end":{"line":15,"column":78}},"type":"if","locations":[{"start":{"line":15,"column":2},"end":{"line":15,"column":78}},{"start":{},"end":{}}],"line":15},"2":{"loc":{"start":{"line":15,"column":6},"end":{"line":15,"column":61}},"type":"binary-expr","locations":[{"start":{"line":15,"column":6},"end":{"line":15,"column":32}},{"start":{"line":15,"column":36},"end":{"line":15,"column":61}}],"line":15},"3":{"loc":{"start":{"line":16,"column":2},"end":{"line":16,"column":78}},"type":"if","locations":[{"start":{"line":16,"column":2},"end":{"line":16,"column":78}},{"start":{},"end":{}}],"line":16},"4":{"loc":{"start":{"line":16,"column":6},"end":{"line":16,"column":61}},"type":"binary-expr","locations":[{"start":{"line":16,"column":6},"end":{"line":16,"column":32}},{"start":{"line":16,"column":36},"end":{"line":16,"column":61}}],"line":16},"5":{"loc":{"start":{"line":17,"column":2},"end":{"line":17,"column":49}},"type":"if","locations":[{"start":{"line":17,"column":2},"end":{"line":17,"column":49}},{"start":{},"end":{}}],"line":17}},"s":{"0":2,"1":0,"2":0,"3":0,"4":0,"5":0,"6":0,"7":0,"8":0,"9":0},"f":{"0":0},"b":{"0":[0,0],"1":[0,0],"2":[0,0],"3":[0,0],"4":[0,0],"5":[0,0]},"_coverageSchema":"1a1c01bbd47fc00a2c39e90264f33305004495a9","hash":"86d36ec0b8342bb19a6449436a6fb3dc5a352c49"}
,"D:\\projects\\TrackingApp\\src\\Helper\\Constants.js": {"path":"D:\\projects\\TrackingApp\\src\\Helper\\Constants.js","statementMap":{"0":{"start":{"line":1,"column":30},"end":{"line":1,"column":50}},"1":{"start":{"line":2,"column":31},"end":{"line":2,"column":51}},"2":{"start":{"line":3,"column":34},"end":{"line":3,"column":75}},"3":{"start":{"line":4,"column":23},"end":{"line":4,"column":32}},"4":{"start":{"line":5,"column":26},"end":{"line":5,"column":37}},"5":{"start":{"line":6,"column":23},"end":{"line":6,"column":32}},"6":{"start":{"line":7,"column":24},"end":{"line":7,"column":34}},"7":{"start":{"line":8,"column":33},"end":{"line":8,"column":37}},"8":{"start":{"line":9,"column":33},"end":{"line":9,"column":37}},"9":{"start":{"line":10,"column":33},"end":{"line":10,"column":40}},"10":{"start":{"line":11,"column":45},"end":{"line":11,"column":49}}},"fnMap":{},"branchMap":{},"s":{"0":2,"1":2,"2":2,"3":2,"4":2,"5":2,"6":2,"7":2,"8":2,"9":2,"10":2},"f":{},"b":{},"_coverageSchema":"1a1c01bbd47fc00a2c39e90264f33305004495a9","hash":"8f10d7bc2ac3aee10ab12b5fee1b1b8b0e9cad54"}
,"D:\\projects\\TrackingApp\\src\\Helper\\DistanceBtTwoCoordinate.js": {"path":"D:\\projects\\TrackingApp\\src\\Helper\\DistanceBtTwoCoordinate.js","statementMap":{"0":{"start":{"line":3,"column":42},"end":{"line":17,"column":1}},"1":{"start":{"line":4,"column":18},"end":{"line":4,"column":40}},"2":{"start":{"line":5,"column":18},"end":{"line":5,"column":40}},"3":{"start":{"line":6,"column":16},"end":{"line":6,"column":27}},"4":{"start":{"line":7,"column":19},"end":{"line":7,"column":42}},"5":{"start":{"line":9,"column":4},"end":{"line":10,"column":62}},"6":{"start":{"line":11,"column":2},"end":{"line":11,"column":25}},"7":{"start":{"line":12,"column":2},"end":{"line":12,"column":32}},"8":{"start":{"line":13,"column":2},"end":{"line":13,"column":28}},"9":{"start":{"line":14,"column":2},"end":{"line":14,"column":19}},"10":{"start":{"line":16,"column":2},"end":{"line":16,"column":21}}},"fnMap":{"0":{"name":"(anonymous_0)","decl":{"start":{"line":3,"column":42},"end":{"line":3,"column":43}},"loc":{"start":{"line":3,"column":70},"end":{"line":17,"column":1}},"line":3}},"branchMap":{},"s":{"0":2,"1":0,"2":0,"3":0,"4":0,"5":0,"6":0,"7":0,"8":0,"9":0,"10":0},"f":{"0":0},"b":{},"_coverageSchema":"1a1c01bbd47fc00a2c39e90264f33305004495a9","hash":"23885b8757282b4f798178b458a77ef72cf983e9"}
,"D:\\projects\\TrackingApp\\src\\Helper\\GetFullDate.js": {"path":"D:\\projects\\TrackingApp\\src\\Helper\\GetFullDate.js","statementMap":{"0":{"start":{"line":3,"column":27},"end":{"line":31,"column":1}},"1":{"start":{"line":4,"column":12},"end":{"line":4,"column":35}},"2":{"start":{"line":5,"column":17},"end":{"line":18,"column":3}},"3":{"start":{"line":19,"column":15},"end":{"line":19,"column":30}},"4":{"start":{"line":20,"column":16},"end":{"line":20,"column":36}},"5":{"start":{"line":21,"column":14},"end":{"line":21,"column":25}},"6":{"start":{"line":22,"column":15},"end":{"line":22,"column":27}},"7":{"start":{"line":23,"column":14},"end":{"line":23,"column":28}},"8":{"start":{"line":24,"column":14},"end":{"line":24,"column":28}},"9":{"start":{"line":25,"column":15},"end":{"line":27,"column":10}},"10":{"start":{"line":28,"column":15},"end":{"line":28,"column":61}},"11":{"start":{"line":30,"column":2},"end":{"line":30,"column":14}}},"fnMap":{"0":{"name":"(anonymous_0)","decl":{"start":{"line":3,"column":27},"end":{"line":3,"column":28}},"loc":{"start":{"line":3,"column":46},"end":{"line":31,"column":1}},"line":3}},"branchMap":{"0":{"loc":{"start":{"line":25,"column":18},"end":{"line":25,"column":35}},"type":"cond-expr","locations":[{"start":{"line":25,"column":29},"end":{"line":25,"column":30}},{"start":{"line":25,"column":33},"end":{"line":25,"column":35}}],"line":25},"1":{"loc":{"start":{"line":25,"column":62},"end":{"line":25,"column":80}},"type":"cond-expr","locations":[{"start":{"line":25,"column":74},"end":{"line":25,"column":75}},{"start":{"line":25,"column":78},"end":{"line":25,"column":80}}],"line":25},"2":{"loc":{"start":{"line":26,"column":4},"end":{"line":26,"column":21}},"type":"cond-expr","locations":[{"start":{"line":26,"column":15},"end":{"line":26,"column":16}},{"start":{"line":26,"column":19},"end":{"line":26,"column":21}}],"line":26},"3":{"loc":{"start":{"line":28,"column":18},"end":{"line":28,"column":35}},"type":"cond-expr","locations":[{"start":{"line":28,"column":29},"end":{"line":28,"column":30}},{"start":{"line":28,"column":33},"end":{"line":28,"column":35}}],"line":28}},"s":{"0":2,"1":0,"2":0,"3":0,"4":0,"5":0,"6":0,"7":0,"8":0,"9":0,"10":0,"11":0},"f":{"0":0},"b":{"0":[0,0],"1":[0,0],"2":[0,0],"3":[0,0]},"_coverageSchema":"1a1c01bbd47fc00a2c39e90264f33305004495a9","hash":"46a0c93fbf36030905c10ba71380aee99c722c26"}
,"D:\\projects\\TrackingApp\\src\\Helper\\GetMapDirectionsData.js": {"path":"D:\\projects\\TrackingApp\\src\\Helper\\GetMapDirectionsData.js","statementMap":{"0":{"start":{"line":3,"column":36},"end":{"line":19,"column":1}},"1":{"start":{"line":4,"column":21},"end":{"line":4,"column":30}},"2":{"start":{"line":5,"column":19},"end":{"line":5,"column":31}},"3":{"start":{"line":6,"column":28},"end":{"line":6,"column":30}},"4":{"start":{"line":7,"column":2},"end":{"line":17,"column":3}},"5":{"start":{"line":7,"column":15},"end":{"line":7,"column":16}},"6":{"start":{"line":8,"column":4},"end":{"line":16,"column":5}},"7":{"start":{"line":9,"column":6},"end":{"line":14,"column":9}},"8":{"start":{"line":15,"column":6},"end":{"line":15,"column":56}},"9":{"start":{"line":15,"column":26},"end":{"line":15,"column":56}},"10":{"start":{"line":18,"column":2},"end":{"line":18,"column":27}}},"fnMap":{"0":{"name":"(anonymous_0)","decl":{"start":{"line":3,"column":36},"end":{"line":3,"column":37}},"loc":{"start":{"line":3,"column":51},"end":{"line":19,"column":1}},"line":3}},"branchMap":{"0":{"loc":{"start":{"line":8,"column":4},"end":{"line":16,"column":5}},"type":"if","locations":[{"start":{"line":8,"column":4},"end":{"line":16,"column":5}},{"start":{},"end":{}}],"line":8},"1":{"loc":{"start":{"line":15,"column":6},"end":{"line":15,"column":56}},"type":"if","locations":[{"start":{"line":15,"column":6},"end":{"line":15,"column":56}},{"start":{},"end":{}}],"line":15}},"s":{"0":2,"1":0,"2":0,"3":0,"4":0,"5":0,"6":0,"7":0,"8":0,"9":0,"10":0},"f":{"0":0},"b":{"0":[0,0],"1":[0,0]},"_coverageSchema":"1a1c01bbd47fc00a2c39e90264f33305004495a9","hash":"0317dbdfb77434d75e7b358efab653d710de8bec"}
,"D:\\projects\\TrackingApp\\src\\Helper\\TimeFormat.js": {"path":"D:\\projects\\TrackingApp\\src\\Helper\\TimeFormat.js","statementMap":{"0":{"start":{"line":3,"column":26},"end":{"line":12,"column":1}},"1":{"start":{"line":4,"column":16},"end":{"line":4,"column":50}},"2":{"start":{"line":5,"column":13},"end":{"line":5,"column":35}},"3":{"start":{"line":6,"column":18},"end":{"line":6,"column":39}},"4":{"start":{"line":7,"column":2},"end":{"line":7,"column":13}},"5":{"start":{"line":8,"column":18},"end":{"line":8,"column":34}},"6":{"start":{"line":9,"column":2},"end":{"line":11,"column":15}}},"fnMap":{"0":{"name":"(anonymous_0)","decl":{"start":{"line":3,"column":26},"end":{"line":3,"column":27}},"loc":{"start":{"line":3,"column":47},"end":{"line":12,"column":1}},"line":3}},"branchMap":{"0":{"loc":{"start":{"line":9,"column":12},"end":{"line":9,"column":31}},"type":"cond-expr","locations":[{"start":{"line":9,"column":25},"end":{"line":9,"column":26}},{"start":{"line":9,"column":29},"end":{"line":9,"column":31}}],"line":9},"1":{"loc":{"start":{"line":9,"column":43},"end":{"line":9,"column":64}},"type":"cond-expr","locations":[{"start":{"line":9,"column":58},"end":{"line":9,"column":59}},{"start":{"line":9,"column":62},"end":{"line":9,"column":64}}],"line":9},"2":{"loc":{"start":{"line":10,"column":4},"end":{"line":10,"column":25}},"type":"cond-expr","locations":[{"start":{"line":10,"column":19},"end":{"line":10,"column":20}},{"start":{"line":10,"column":23},"end":{"line":10,"column":25}}],"line":10}},"s":{"0":2,"1":0,"2":0,"3":0,"4":0,"5":0,"6":0},"f":{"0":0},"b":{"0":[0,0],"1":[0,0],"2":[0,0]},"_coverageSchema":"1a1c01bbd47fc00a2c39e90264f33305004495a9","hash":"21ecdb12a740ea226ead40409cd4ce39f3b8a349"}
,"D:\\projects\\TrackingApp\\src\\Helper\\index.js": {"path":"D:\\projects\\TrackingApp\\src\\Helper\\index.js","statementMap":{},"fnMap":{},"branchMap":{},"s":{},"f":{},"b":{},"_coverageSchema":"1a1c01bbd47fc00a2c39e90264f33305004495a9","hash":"1200c2ba9785e5b9d202ba537a27a866c41f8b53"}
,"D:\\projects\\TrackingApp\\src\\Helper\\permissions.js": {"path":"D:\\projects\\TrackingApp\\src\\Helper\\permissions.js","statementMap":{"0":{"start":{"line":5,"column":15},"end":{"line":5,"column":36}},"1":{"start":{"line":7,"column":49},"end":{"line":12,"column":1}},"2":{"start":{"line":8,"column":17},"end":{"line":10,"column":3}},"3":{"start":{"line":11,"column":2},"end":{"line":11,"column":16}},"4":{"start":{"line":14,"column":34},"end":{"line":42,"column":1}},"5":{"start":{"line":15,"column":2},"end":{"line":41,"column":3}},"6":{"start":{"line":16,"column":19},"end":{"line":16,"column":48}},"7":{"start":{"line":17,"column":4},"end":{"line":19,"column":5}},"8":{"start":{"line":18,"column":6},"end":{"line":18,"column":18}},"9":{"start":{"line":21,"column":4},"end":{"line":34,"column":5}},"10":{"start":{"line":22,"column":26},"end":{"line":22,"column":57}},"11":{"start":{"line":26,"column":6},"end":{"line":31,"column":7}},"12":{"start":{"line":27,"column":8},"end":{"line":27,"column":41}},"13":{"start":{"line":29,"column":8},"end":{"line":29,"column":72}},"14":{"start":{"line":30,"column":8},"end":{"line":30,"column":21}},"15":{"start":{"line":32,"column":11},"end":{"line":34,"column":5}},"16":{"start":{"line":33,"column":6},"end":{"line":33,"column":19}},"17":{"start":{"line":35,"column":24},"end":{"line":35,"column":55}},"18":{"start":{"line":36,"column":4},"end":{"line":36,"column":43}},"19":{"start":{"line":38,"column":4},"end":{"line":38,"column":64}},"20":{"start":{"line":40,"column":4},"end":{"line":40,"column":17}}},"fnMap":{"0":{"name":"(anonymous_0)","decl":{"start":{"line":7,"column":49},"end":{"line":7,"column":50}},"loc":{"start":{"line":7,"column":61},"end":{"line":12,"column":1}},"line":7},"1":{"name":"(anonymous_1)","decl":{"start":{"line":14,"column":34},"end":{"line":14,"column":35}},"loc":{"start":{"line":14,"column":50},"end":{"line":42,"column":1}},"line":14}},"branchMap":{"0":{"loc":{"start":{"line":9,"column":4},"end":{"line":9,"column":92}},"type":"cond-expr","locations":[{"start":{"line":9,"column":13},"end":{"line":9,"column":49}},{"start":{"line":9,"column":52},"end":{"line":9,"column":92}}],"line":9},"1":{"loc":{"start":{"line":17,"column":4},"end":{"line":19,"column":5}},"type":"if","locations":[{"start":{"line":17,"column":4},"end":{"line":19,"column":5}},{"start":{},"end":{}}],"line":17},"2":{"loc":{"start":{"line":21,"column":4},"end":{"line":34,"column":5}},"type":"if","locations":[{"start":{"line":21,"column":4},"end":{"line":34,"column":5}},{"start":{"line":32,"column":11},"end":{"line":34,"column":5}}],"line":21},"3":{"loc":{"start":{"line":21,"column":8},"end":{"line":21,"column":75}},"type":"binary-expr","locations":[{"start":{"line":21,"column":8},"end":{"line":21,"column":14}},{"start":{"line":21,"column":19},"end":{"line":21,"column":45}},{"start":{"line":21,"column":49},"end":{"line":21,"column":74}}],"line":21},"4":{"loc":{"start":{"line":32,"column":11},"end":{"line":34,"column":5}},"type":"if","locations":[{"start":{"line":32,"column":11},"end":{"line":34,"column":5}},{"start":{},"end":{}}],"line":32},"5":{"loc":{"start":{"line":32,"column":15},"end":{"line":32,"column":52}},"type":"binary-expr","locations":[{"start":{"line":32,"column":15},"end":{"line":32,"column":22}},{"start":{"line":32,"column":26},"end":{"line":32,"column":52}}],"line":32}},"s":{"0":2,"1":2,"2":0,"3":0,"4":2,"5":0,"6":0,"7":0,"8":0,"9":0,"10":0,"11":0,"12":0,"13":0,"14":0,"15":0,"16":0,"17":0,"18":0,"19":0,"20":0},"f":{"0":0,"1":0},"b":{"0":[0,0],"1":[0,0],"2":[0,0],"3":[0,0,0],"4":[0,0],"5":[0,0]},"_coverageSchema":"1a1c01bbd47fc00a2c39e90264f33305004495a9","hash":"37285c2c3433e8d57b0ad357733253ad2e84af43"}
,"D:\\projects\\TrackingApp\\src\\Navigation\\RootNavigation.js": {"path":"D:\\projects\\TrackingApp\\src\\Navigation\\RootNavigation.js","statementMap":{"0":{"start":{"line":4,"column":26},"end":{"line":4,"column":43}},"1":{"start":{"line":5,"column":29},"end":{"line":5,"column":46}},"2":{"start":{"line":8,"column":2},"end":{"line":10,"column":3}},"3":{"start":{"line":9,"column":4},"end":{"line":9,"column":72}},"4":{"start":{"line":14,"column":2},"end":{"line":18,"column":3}},"5":{"start":{"line":15,"column":4},"end":{"line":17,"column":7}},"6":{"start":{"line":22,"column":2},"end":{"line":24,"column":3}},"7":{"start":{"line":23,"column":4},"end":{"line":23,"column":63}},"8":{"start":{"line":28,"column":2},"end":{"line":33,"column":3}},"9":{"start":{"line":29,"column":4},"end":{"line":31,"column":5}},"10":{"start":{"line":30,"column":6},"end":{"line":30,"column":61}},"11":{"start":{"line":32,"column":4},"end":{"line":32,"column":11}},"12":{"start":{"line":34,"column":2},"end":{"line":36,"column":3}},"13":{"start":{"line":35,"column":4},"end":{"line":35,"column":50}},"14":{"start":{"line":40,"column":2},"end":{"line":42,"column":3}},"15":{"start":{"line":41,"column":4},"end":{"line":41,"column":64}},"16":{"start":{"line":46,"column":2},"end":{"line":48,"column":3}},"17":{"start":{"line":47,"column":4},"end":{"line":47,"column":64}},"18":{"start":{"line":52,"column":2},"end":{"line":54,"column":3}},"19":{"start":{"line":53,"column":4},"end":{"line":53,"column":65}},"20":{"start":{"line":58,"column":2},"end":{"line":60,"column":3}},"21":{"start":{"line":59,"column":4},"end":{"line":59,"column":66}},"22":{"start":{"line":62,"column":21},"end":{"line":65,"column":4}},"23":{"start":{"line":63,"column":2},"end":{"line":65,"column":4}}},"fnMap":{"0":{"name":"replace","decl":{"start":{"line":7,"column":16},"end":{"line":7,"column":23}},"loc":{"start":{"line":7,"column":38},"end":{"line":11,"column":1}},"line":7},"1":{"name":"replaceInStack","decl":{"start":{"line":13,"column":16},"end":{"line":13,"column":30}},"loc":{"start":{"line":13,"column":45},"end":{"line":19,"column":1}},"line":13},"2":{"name":"pop","decl":{"start":{"line":21,"column":16},"end":{"line":21,"column":19}},"loc":{"start":{"line":21,"column":29},"end":{"line":25,"column":1}},"line":21},"3":{"name":"navigate","decl":{"start":{"line":27,"column":16},"end":{"line":27,"column":24}},"loc":{"start":{"line":27,"column":44},"end":{"line":37,"column":1}},"line":27},"4":{"name":"push","decl":{"start":{"line":39,"column":16},"end":{"line":39,"column":20}},"loc":{"start":{"line":39,"column":30},"end":{"line":43,"column":1}},"line":39},"5":{"name":"openDrawer","decl":{"start":{"line":45,"column":16},"end":{"line":45,"column":26}},"loc":{"start":{"line":45,"column":29},"end":{"line":49,"column":1}},"line":45},"6":{"name":"closeDrawer","decl":{"start":{"line":51,"column":16},"end":{"line":51,"column":27}},"loc":{"start":{"line":51,"column":30},"end":{"line":55,"column":1}},"line":51},"7":{"name":"toggleDrawer","decl":{"start":{"line":57,"column":16},"end":{"line":57,"column":28}},"loc":{"start":{"line":57,"column":31},"end":{"line":61,"column":1}},"line":57},"8":{"name":"(anonymous_8)","decl":{"start":{"line":62,"column":21},"end":{"line":62,"column":22}},"loc":{"start":{"line":63,"column":2},"end":{"line":65,"column":4}},"line":63}},"branchMap":{"0":{"loc":{"start":{"line":8,"column":2},"end":{"line":10,"column":3}},"type":"if","locations":[{"start":{"line":8,"column":2},"end":{"line":10,"column":3}},{"start":{},"end":{}}],"line":8},"1":{"loc":{"start":{"line":8,"column":6},"end":{"line":8,"column":49}},"type":"binary-expr","locations":[{"start":{"line":8,"column":6},"end":{"line":8,"column":24}},{"start":{"line":8,"column":28},"end":{"line":8,"column":49}}],"line":8},"2":{"loc":{"start":{"line":14,"column":2},"end":{"line":18,"column":3}},"type":"if","locations":[{"start":{"line":14,"column":2},"end":{"line":18,"column":3}},{"start":{},"end":{}}],"line":14},"3":{"loc":{"start":{"line":14,"column":6},"end":{"line":14,"column":49}},"type":"binary-expr","locations":[{"start":{"line":14,"column":6},"end":{"line":14,"column":24}},{"start":{"line":14,"column":28},"end":{"line":14,"column":49}}],"line":14},"4":{"loc":{"start":{"line":22,"column":2},"end":{"line":24,"column":3}},"type":"if","locations":[{"start":{"line":22,"column":2},"end":{"line":24,"column":3}},{"start":{},"end":{}}],"line":22},"5":{"loc":{"start":{"line":22,"column":6},"end":{"line":22,"column":49}},"type":"binary-expr","locations":[{"start":{"line":22,"column":6},"end":{"line":22,"column":24}},{"start":{"line":22,"column":28},"end":{"line":22,"column":49}}],"line":22},"6":{"loc":{"start":{"line":28,"column":2},"end":{"line":33,"column":3}},"type":"if","locations":[{"start":{"line":28,"column":2},"end":{"line":33,"column":3}},{"start":{},"end":{}}],"line":28},"7":{"loc":{"start":{"line":29,"column":4},"end":{"line":31,"column":5}},"type":"if","locations":[{"start":{"line":29,"column":4},"end":{"line":31,"column":5}},{"start":{},"end":{}}],"line":29},"8":{"loc":{"start":{"line":29,"column":8},"end":{"line":29,"column":51}},"type":"binary-expr","locations":[{"start":{"line":29,"column":8},"end":{"line":29,"column":26}},{"start":{"line":29,"column":30},"end":{"line":29,"column":51}}],"line":29},"9":{"loc":{"start":{"line":34,"column":2},"end":{"line":36,"column":3}},"type":"if","locations":[{"start":{"line":34,"column":2},"end":{"line":36,"column":3}},{"start":{},"end":{}}],"line":34},"10":{"loc":{"start":{"line":34,"column":6},"end":{"line":34,"column":49}},"type":"binary-expr","locations":[{"start":{"line":34,"column":6},"end":{"line":34,"column":24}},{"start":{"line":34,"column":28},"end":{"line":34,"column":49}}],"line":34},"11":{"loc":{"start":{"line":40,"column":2},"end":{"line":42,"column":3}},"type":"if","locations":[{"start":{"line":40,"column":2},"end":{"line":42,"column":3}},{"start":{},"end":{}}],"line":40},"12":{"loc":{"start":{"line":40,"column":6},"end":{"line":40,"column":49}},"type":"binary-expr","locations":[{"start":{"line":40,"column":6},"end":{"line":40,"column":24}},{"start":{"line":40,"column":28},"end":{"line":40,"column":49}}],"line":40},"13":{"loc":{"start":{"line":46,"column":2},"end":{"line":48,"column":3}},"type":"if","locations":[{"start":{"line":46,"column":2},"end":{"line":48,"column":3}},{"start":{},"end":{}}],"line":46},"14":{"loc":{"start":{"line":46,"column":6},"end":{"line":46,"column":49}},"type":"binary-expr","locations":[{"start":{"line":46,"column":6},"end":{"line":46,"column":24}},{"start":{"line":46,"column":28},"end":{"line":46,"column":49}}],"line":46},"15":{"loc":{"start":{"line":52,"column":2},"end":{"line":54,"column":3}},"type":"if","locations":[{"start":{"line":52,"column":2},"end":{"line":54,"column":3}},{"start":{},"end":{}}],"line":52},"16":{"loc":{"start":{"line":52,"column":6},"end":{"line":52,"column":49}},"type":"binary-expr","locations":[{"start":{"line":52,"column":6},"end":{"line":52,"column":24}},{"start":{"line":52,"column":28},"end":{"line":52,"column":49}}],"line":52},"17":{"loc":{"start":{"line":58,"column":2},"end":{"line":60,"column":3}},"type":"if","locations":[{"start":{"line":58,"column":2},"end":{"line":60,"column":3}},{"start":{},"end":{}}],"line":58},"18":{"loc":{"start":{"line":58,"column":6},"end":{"line":58,"column":49}},"type":"binary-expr","locations":[{"start":{"line":58,"column":6},"end":{"line":58,"column":24}},{"start":{"line":58,"column":28},"end":{"line":58,"column":49}}],"line":58}},"s":{"0":2,"1":2,"2":0,"3":0,"4":0,"5":0,"6":0,"7":0,"8":0,"9":0,"10":0,"11":0,"12":0,"13":0,"14":0,"15":0,"16":0,"17":0,"18":0,"19":0,"20":0,"21":0,"22":2,"23":0},"f":{"0":0,"1":0,"2":0,"3":0,"4":0,"5":0,"6":0,"7":0,"8":0},"b":{"0":[0,0],"1":[0,0],"2":[0,0],"3":[0,0],"4":[0,0],"5":[0,0],"6":[0,0],"7":[0,0],"8":[0,0],"9":[0,0],"10":[0,0],"11":[0,0],"12":[0,0],"13":[0,0],"14":[0,0],"15":[0,0],"16":[0,0],"17":[0,0],"18":[0,0]},"_coverageSchema":"1a1c01bbd47fc00a2c39e90264f33305004495a9","hash":"6ba40ab7c94a5858baa30e6a0d3ae60e3a685167"}
,"D:\\projects\\TrackingApp\\src\\Redux\\Type.js": {"path":"D:\\projects\\TrackingApp\\src\\Redux\\Type.js","statementMap":{"0":{"start":{"line":2,"column":31},"end":{"line":2,"column":48}},"1":{"start":{"line":3,"column":35},"end":{"line":3,"column":56}}},"fnMap":{},"branchMap":{},"s":{"0":2,"1":2},"f":{},"b":{},"_coverageSchema":"1a1c01bbd47fc00a2c39e90264f33305004495a9","hash":"0e8edc613298786d876460fbf3e8156ce1be1363"}
,"D:\\projects\\TrackingApp\\src\\Redux\\Actions\\TripsHistory.js": {"path":"D:\\projects\\TrackingApp\\src\\Redux\\Actions\\TripsHistory.js","statementMap":{"0":{"start":{"line":3,"column":30},"end":{"line":8,"column":1}},"1":{"start":{"line":4,"column":2},"end":{"line":7,"column":4}},"2":{"start":{"line":9,"column":26},"end":{"line":14,"column":1}},"3":{"start":{"line":10,"column":2},"end":{"line":13,"column":4}}},"fnMap":{"0":{"name":"(anonymous_0)","decl":{"start":{"line":3,"column":30},"end":{"line":3,"column":31}},"loc":{"start":{"line":3,"column":43},"end":{"line":8,"column":1}},"line":3},"1":{"name":"(anonymous_1)","decl":{"start":{"line":9,"column":26},"end":{"line":9,"column":27}},"loc":{"start":{"line":9,"column":39},"end":{"line":14,"column":1}},"line":9}},"branchMap":{},"s":{"0":2,"1":0,"2":2,"3":0},"f":{"0":0,"1":0},"b":{},"_coverageSchema":"1a1c01bbd47fc00a2c39e90264f33305004495a9","hash":"52c657616b8127b3a32392b5de8aea30b7b81a64"}
,"D:\\projects\\TrackingApp\\src\\Redux\\Actions\\index.js": {"path":"D:\\projects\\TrackingApp\\src\\Redux\\Actions\\index.js","statementMap":{},"fnMap":{},"branchMap":{},"s":{},"f":{},"b":{},"_coverageSchema":"1a1c01bbd47fc00a2c39e90264f33305004495a9","hash":"628af90fff21c69e13195543b373470d57dfabd5"}
,"D:\\projects\\TrackingApp\\src\\Styles\\Colors.js": {"path":"D:\\projects\\TrackingApp\\src\\Styles\\Colors.js","statementMap":{"0":{"start":{"line":1,"column":22},"end":{"line":6,"column":1}}},"fnMap":{},"branchMap":{},"s":{"0":2},"f":{},"b":{},"_coverageSchema":"1a1c01bbd47fc00a2c39e90264f33305004495a9","hash":"d1de91a4f8f0184b874352d32e38476dca004c96"}
,"D:\\projects\\TrackingApp\\src\\Styles\\Fonts.js": {"path":"D:\\projects\\TrackingApp\\src\\Styles\\Fonts.js","statementMap":{"0":{"start":{"line":1,"column":26},"end":{"line":6,"column":1}},"1":{"start":{"line":8,"column":21},"end":{"line":21,"column":1}}},"fnMap":{},"branchMap":{},"s":{"0":2,"1":2},"f":{},"b":{},"_coverageSchema":"1a1c01bbd47fc00a2c39e90264f33305004495a9","hash":"9422789e1ee2b6c509b31973cd9ccdedaecc4f79"}
,"D:\\projects\\TrackingApp\\src\\Styles\\Images.js": {"path":"D:\\projects\\TrackingApp\\src\\Styles\\Images.js","statementMap":{"0":{"start":{"line":1,"column":18},"end":{"line":1,"column":59}},"1":{"start":{"line":2,"column":15},"end":{"line":2,"column":53}},"2":{"start":{"line":3,"column":21},"end":{"line":3,"column":65}},"3":{"start":{"line":5,"column":22},"end":{"line":9,"column":1}}},"fnMap":{},"branchMap":{},"s":{"0":2,"1":2,"2":2,"3":2},"f":{},"b":{},"_coverageSchema":"1a1c01bbd47fc00a2c39e90264f33305004495a9","hash":"b11c3ef5590ae2e014a36e8fe313708722d00c48"}
,"D:\\projects\\TrackingApp\\src\\Styles\\Metrics.js": {"path":"D:\\projects\\TrackingApp\\src\\Styles\\Metrics.js","statementMap":{"0":{"start":{"line":4,"column":27},"end":{"line":4,"column":30}},"1":{"start":{"line":5,"column":28},"end":{"line":5,"column":31}},"2":{"start":{"line":7,"column":22},"end":{"line":7,"column":25}},"3":{"start":{"line":8,"column":23},"end":{"line":8,"column":26}},"4":{"start":{"line":9,"column":23},"end":{"line":9,"column":26}},"5":{"start":{"line":10,"column":26},"end":{"line":10,"column":29}},"6":{"start":{"line":11,"column":23},"end":{"line":11,"column":26}},"7":{"start":{"line":13,"column":22},"end":{"line":13,"column":46}},"8":{"start":{"line":14,"column":27},"end":{"line":14,"column":39}},"9":{"start":{"line":15,"column":28},"end":{"line":15,"column":41}},"10":{"start":{"line":18,"column":2},"end":{"line":18,"column":67}},"11":{"start":{"line":18,"column":33},"end":{"line":18,"column":67}},"12":{"start":{"line":19,"column":2},"end":{"line":19,"column":65}},"13":{"start":{"line":23,"column":2},"end":{"line":23,"column":70}},"14":{"start":{"line":23,"column":34},"end":{"line":23,"column":70}},"15":{"start":{"line":24,"column":2},"end":{"line":24,"column":68}},"16":{"start":{"line":28,"column":2},"end":{"line":28,"column":21}},"17":{"start":{"line":32,"column":2},"end":{"line":32,"column":39}},"18":{"start":{"line":36,"column":2},"end":{"line":36,"column":38}},"19":{"start":{"line":40,"column":2},"end":{"line":40,"column":39}},"20":{"start":{"line":44,"column":2},"end":{"line":44,"column":42}},"21":{"start":{"line":48,"column":2},"end":{"line":48,"column":39}},"22":{"start":{"line":52,"column":2},"end":{"line":55,"column":5}},"23":{"start":{"line":59,"column":2},"end":{"line":64,"column":4}}},"fnMap":{"0":{"name":"wp","decl":{"start":{"line":17,"column":16},"end":{"line":17,"column":18}},"loc":{"start":{"line":17,"column":26},"end":{"line":20,"column":1}},"line":17},"1":{"name":"hp","decl":{"start":{"line":22,"column":16},"end":{"line":22,"column":18}},"loc":{"start":{"line":22,"column":27},"end":{"line":25,"column":1}},"line":22},"2":{"name":"hasNotch","decl":{"start":{"line":27,"column":16},"end":{"line":27,"column":24}},"loc":{"start":{"line":27,"column":27},"end":{"line":29,"column":1}},"line":27},"3":{"name":"isIPhoneSE","decl":{"start":{"line":31,"column":16},"end":{"line":31,"column":26}},"loc":{"start":{"line":31,"column":32},"end":{"line":33,"column":1}},"line":31},"4":{"name":"isIPhoneX","decl":{"start":{"line":35,"column":16},"end":{"line":35,"column":25}},"loc":{"start":{"line":35,"column":31},"end":{"line":37,"column":1}},"line":35},"5":{"name":"isIPhoneXs","decl":{"start":{"line":39,"column":16},"end":{"line":39,"column":26}},"loc":{"start":{"line":39,"column":32},"end":{"line":41,"column":1}},"line":39},"6":{"name":"isIPhoneXsMax","decl":{"start":{"line":43,"column":16},"end":{"line":43,"column":29}},"loc":{"start":{"line":43,"column":35},"end":{"line":45,"column":1}},"line":43},"7":{"name":"isIPhoneXr","decl":{"start":{"line":47,"column":16},"end":{"line":47,"column":26}},"loc":{"start":{"line":47,"column":32},"end":{"line":49,"column":1}},"line":47},"8":{"name":"getStatusBarHeight","decl":{"start":{"line":51,"column":16},"end":{"line":51,"column":34}},"loc":{"start":{"line":51,"column":37},"end":{"line":56,"column":1}},"line":51},"9":{"name":"detection","decl":{"start":{"line":58,"column":9},"end":{"line":58,"column":18}},"loc":{"start":{"line":58,"column":21},"end":{"line":65,"column":1}},"line":58}},"branchMap":{"0":{"loc":{"start":{"line":18,"column":2},"end":{"line":18,"column":67}},"type":"if","locations":[{"start":{"line":18,"column":2},"end":{"line":18,"column":67}},{"start":{},"end":{}}],"line":18},"1":{"loc":{"start":{"line":23,"column":2},"end":{"line":23,"column":70}},"type":"if","locations":[{"start":{"line":23,"column":2},"end":{"line":23,"column":70}},{"start":{},"end":{}}],"line":23},"2":{"loc":{"start":{"line":53,"column":9},"end":{"line":53,"column":29}},"type":"cond-expr","locations":[{"start":{"line":53,"column":22},"end":{"line":53,"column":24}},{"start":{"line":53,"column":27},"end":{"line":53,"column":29}}],"line":53},"3":{"loc":{"start":{"line":60,"column":4},"end":{"line":63,"column":92}},"type":"binary-expr","locations":[{"start":{"line":60,"column":4},"end":{"line":60,"column":25}},{"start":{"line":61,"column":4},"end":{"line":61,"column":19}},{"start":{"line":62,"column":4},"end":{"line":62,"column":20}},{"start":{"line":63,"column":5},"end":{"line":63,"column":22}},{"start":{"line":63,"column":26},"end":{"line":63,"column":44}},{"start":{"line":63,"column":48},"end":{"line":63,"column":66}},{"start":{"line":63,"column":70},"end":{"line":63,"column":91}}],"line":60}},"s":{"0":2,"1":2,"2":2,"3":2,"4":2,"5":2,"6":2,"7":2,"8":2,"9":2,"10":60,"11":2,"12":58,"13":28,"14":0,"15":28,"16":0,"17":0,"18":0,"19":0,"20":0,"21":0,"22":0,"23":0},"f":{"0":60,"1":28,"2":0,"3":0,"4":0,"5":0,"6":0,"7":0,"8":0,"9":0},"b":{"0":[2,58],"1":[0,28],"2":[0,0],"3":[0,0,0,0,0,0,0]},"_coverageSchema":"1a1c01bbd47fc00a2c39e90264f33305004495a9","hash":"9377a0571f84a6b9ea136de94c88d894d0652395"}
,"D:\\projects\\TrackingApp\\src\\Styles\\index.js": {"path":"D:\\projects\\TrackingApp\\src\\Styles\\index.js","statementMap":{},"fnMap":{},"branchMap":{},"s":{},"f":{},"b":{},"_coverageSchema":"1a1c01bbd47fc00a2c39e90264f33305004495a9","hash":"8538a0aa8c054d7b7435686ad4f97e4a3828a7cf"}
}
